<?xml version="1.0" encoding="UTF-8"?>
<!-- Generated by org.testng.reporters.JUnitXMLReporter -->
<testsuite ignored="0" hostname="LTIN514053" failures="0" tests="10" name="Chrome Test" time="137.965" errors="0" timestamp="2024-06-13T15:15:08 IST">
  <testcase classname="TestCase.TC_001_UserDetailsTest" name="userVerification" time="14.538"/>
  <testcase classname="TestCase.TC_002_Validate3WeeksDetailsTest" name="ThreeWeeksVerification" time="31.73"/>
  <testcase classname="TestCase.TC_003_ValidateCurrentDateDetailsTest" name="verifyCurrentDateDetails" time="13.237"/>
  <testcase classname="TestCase.TC_004_ValidateAllSearchResultsTest" name="verifyApprovedStatusResult" time="6.153"/>
  <testcase classname="TestCase.TC_004_ValidateAllSearchResultsTest" name="verifyPendingStatusResult" time="6.722"/>
  <testcase classname="TestCase.TC_004_ValidateAllSearchResultsTest" name="verifySubmittedforApprovalStatusResult" time="6.793"/>
  <testcase classname="TestCase.TC_004_ValidateAllSearchResultsTest" name="verifyAlertSearchStatus" time="9.091"/>
  <testcase classname="TestCase.TC_004_ValidateAllSearchResultsTest" name="verifyAlertSearchStatus" time="8.976"/>
  <testcase classname="TestCase.TC_004_ValidateAllSearchResultsTest" name="verifyAlertSearchStatus" time="9.151"/>
  <testcase classname="TestCase.TC_004_ValidateAllSearchResultsTest" name="verifyAlertSearchStatus" time="9.154"/>
</testsuite> <!-- Chrome Test -->
