<?xml version="1.0" encoding="UTF-8"?>
<!-- Generated by org.testng.reporters.JUnitXMLReporter -->
<testsuite ignored="0" hostname="LTIN514053" failures="0" tests="10" name="Edge Test" time="146.128" errors="0" timestamp="2024-06-06T23:12:04 IST">
  <testcase classname="TestCase.TC_001_UserDetailsTest" name="userVerification" time="10.391"/>
  <testcase classname="TestCase.TC_002_Validate3WeeksDetailsTest" name="ThreeWeeksVerification" time="51.166"/>
  <testcase classname="TestCase.TC_003_ValidateCurrentDateDetailsTest" name="verifyCurrentDateDetails" time="12.666"/>
  <testcase classname="TestCase.TC_004_ValidateAllSearchResultsTest" name="verifyAllSearchResults" time="5.01"/>
  <testcase classname="TestCase.TC_004_ValidateAllSearchResultsTest" name="verifyAllSearchResults2" time="6.376"/>
  <testcase classname="TestCase.TC_004_ValidateAllSearchResultsTest" name="verifyAllSearchResults3" time="6.396"/>
  <testcase classname="TestCase.TC_004_ValidateAllSearchResultsTest" name="verifyAlertSearchStatus" time="11.925"/>
  <testcase classname="TestCase.TC_004_ValidateAllSearchResultsTest" name="verifyAlertSearchStatus" time="8.597"/>
  <testcase classname="TestCase.TC_004_ValidateAllSearchResultsTest" name="verifyAlertSearchStatus" time="8.544"/>
  <testcase classname="TestCase.TC_004_ValidateAllSearchResultsTest" name="verifyAlertSearchStatus" time="8.602"/>
</testsuite> <!-- Edge Test -->
