<?xml version="1.0" encoding="UTF-8"?>
<testng-results ignored="0" total="10" passed="10" failed="0" skipped="0">
  <reporter-output>
  </reporter-output>
  <suite started-at="2024-06-13T15:12:50 IST" name="Suite" finished-at="2024-06-13T15:15:08 IST" duration-ms="137965">
    <groups>
    </groups>
    <test started-at="2024-06-13T15:12:50 IST" name="Chrome Test" finished-at="2024-06-13T15:15:08 IST" duration-ms="137965">
      <class name="TestCase.TC_004_ValidateAllSearchResultsTest">
        <test-method is-config="true" signature="beforeTest(java.lang.String)[pri:0, instance:TestCase.TC_004_ValidateAllSearchResultsTest@25ce9dc4]" started-at="2024-06-13T15:12:50 IST" name="beforeTest" finished-at="2024-06-13T15:13:01 IST" duration-ms="10491" status="PASS">
          <params>
            <param index="0">
              <value>
                <![CDATA[Chrome]]>
              </value>
            </param>
          </params>
          <reporter-output>
          </reporter-output>
        </test-method> <!-- beforeTest -->
        <test-method signature="userVerification()[pri:0, instance:TestCase.TC_004_ValidateAllSearchResultsTest@25ce9dc4]" started-at="2024-06-13T15:13:01 IST" name="userVerification" finished-at="2024-06-13T15:13:15 IST" duration-ms="14538" status="PASS">
          <reporter-output>
          </reporter-output>
        </test-method> <!-- userVerification -->
        <test-method signature="ThreeWeeksVerification()[pri:1, instance:TestCase.TC_004_ValidateAllSearchResultsTest@25ce9dc4]" started-at="2024-06-13T15:13:15 IST" name="ThreeWeeksVerification" finished-at="2024-06-13T15:13:47 IST" duration-ms="31730" status="PASS">
          <reporter-output>
          </reporter-output>
        </test-method> <!-- ThreeWeeksVerification -->
        <test-method signature="verifyCurrentDateDetails()[pri:2, instance:TestCase.TC_004_ValidateAllSearchResultsTest@25ce9dc4]" started-at="2024-06-13T15:13:47 IST" name="verifyCurrentDateDetails" finished-at="2024-06-13T15:14:00 IST" duration-ms="13237" status="PASS">
          <reporter-output>
          </reporter-output>
        </test-method> <!-- verifyCurrentDateDetails -->
        <test-method signature="verifyApprovedStatusResult(java.lang.String)[pri:3, instance:TestCase.TC_004_ValidateAllSearchResultsTest@25ce9dc4]" started-at="2024-06-13T15:14:00 IST" name="verifyApprovedStatusResult" data-provider="testData1" finished-at="2024-06-13T15:14:06 IST" duration-ms="6153" status="PASS">
          <params>
            <param index="0">
              <value>
                <![CDATA[Approved]]>
              </value>
            </param>
          </params>
          <reporter-output>
          </reporter-output>
        </test-method> <!-- verifyApprovedStatusResult -->
        <test-method signature="verifyPendingStatusResult(java.lang.String)[pri:4, instance:TestCase.TC_004_ValidateAllSearchResultsTest@25ce9dc4]" started-at="2024-06-13T15:14:06 IST" name="verifyPendingStatusResult" data-provider="testData2" finished-at="2024-06-13T15:14:13 IST" duration-ms="6722" status="PASS">
          <params>
            <param index="0">
              <value>
                <![CDATA[Pending]]>
              </value>
            </param>
          </params>
          <reporter-output>
          </reporter-output>
        </test-method> <!-- verifyPendingStatusResult -->
        <test-method signature="verifySubmittedforApprovalStatusResult(java.lang.String)[pri:5, instance:TestCase.TC_004_ValidateAllSearchResultsTest@25ce9dc4]" started-at="2024-06-13T15:14:13 IST" name="verifySubmittedforApprovalStatusResult" data-provider="testData3" finished-at="2024-06-13T15:14:20 IST" duration-ms="6793" status="PASS">
          <params>
            <param index="0">
              <value>
                <![CDATA[Submitted for Approval]]>
              </value>
            </param>
          </params>
          <reporter-output>
          </reporter-output>
        </test-method> <!-- verifySubmittedforApprovalStatusResult -->
        <test-method signature="verifyAlertSearchStatus(java.lang.String)[pri:6, instance:TestCase.TC_004_ValidateAllSearchResultsTest@25ce9dc4]" started-at="2024-06-13T15:14:20 IST" name="verifyAlertSearchStatus" data-provider="testData4" finished-at="2024-06-13T15:14:29 IST" duration-ms="9091" status="PASS">
          <params>
            <param index="0">
              <value>
                <![CDATA[Overdue]]>
              </value>
            </param>
          </params>
          <reporter-output>
          </reporter-output>
        </test-method> <!-- verifyAlertSearchStatus -->
        <test-method signature="verifyAlertSearchStatus(java.lang.String)[pri:6, instance:TestCase.TC_004_ValidateAllSearchResultsTest@25ce9dc4]" started-at="2024-06-13T15:14:29 IST" name="verifyAlertSearchStatus" data-provider="testData4" finished-at="2024-06-13T15:14:38 IST" duration-ms="8976" status="PASS">
          <params>
            <param index="0">
              <value>
                <![CDATA[Partially Approved]]>
              </value>
            </param>
          </params>
          <reporter-output>
          </reporter-output>
        </test-method> <!-- verifyAlertSearchStatus -->
        <test-method signature="verifyAlertSearchStatus(java.lang.String)[pri:6, instance:TestCase.TC_004_ValidateAllSearchResultsTest@25ce9dc4]" started-at="2024-06-13T15:14:38 IST" name="verifyAlertSearchStatus" data-provider="testData4" finished-at="2024-06-13T15:14:47 IST" duration-ms="9151" status="PASS">
          <params>
            <param index="0">
              <value>
                <![CDATA[Saved]]>
              </value>
            </param>
          </params>
          <reporter-output>
          </reporter-output>
        </test-method> <!-- verifyAlertSearchStatus -->
        <test-method signature="verifyAlertSearchStatus(java.lang.String)[pri:6, instance:TestCase.TC_004_ValidateAllSearchResultsTest@25ce9dc4]" started-at="2024-06-13T15:14:47 IST" name="verifyAlertSearchStatus" data-provider="testData4" finished-at="2024-06-13T15:14:56 IST" duration-ms="9154" status="PASS">
          <params>
            <param index="0">
              <value>
                <![CDATA[Sent Back for Revision]]>
              </value>
            </param>
          </params>
          <reporter-output>
          </reporter-output>
        </test-method> <!-- verifyAlertSearchStatus -->
        <test-method is-config="true" signature="tearDown()[pri:0, instance:TestCase.TC_004_ValidateAllSearchResultsTest@25ce9dc4]" started-at="2024-06-13T15:14:56 IST" name="tearDown" finished-at="2024-06-13T15:15:08 IST" duration-ms="11171" status="PASS">
          <reporter-output>
          </reporter-output>
        </test-method> <!-- tearDown -->
      </class> <!-- TestCase.TC_004_ValidateAllSearchResultsTest -->
    </test> <!-- Chrome Test -->
  </suite> <!-- Suite -->
</testng-results>
